<?xml version="1.0" encoding="UTF-8"?>
<!-- Generated by org.testng.reporters.JUnitReportReporter -->
<testsuite hostname="DESKTOP-E115GFV" failures="0" tests="1" name="com.qa.testbase.TestBAse" time="15.581" errors="0" timestamp="2022-10-03T23:08:54 IST" skipped="0">
  <testcase classname="com.qa.testbase.TestBAse" name="setUp" time="15.581"/>
  <system-out/>
</testsuite> <!-- com.qa.testbase.TestBAse -->
