<?xml version="1.0" encoding="UTF-8"?>
<!-- Generated by org.testng.reporters.JUnitReportReporter -->
<testsuite hostname="DESKTOP-E115GFV" failures="0" tests="1" name="com.qa.testlayer.ResisterPageTest" time="16.301" errors="0" timestamp="2022-10-04T08:44:30 IST" skipped="0">
  <testcase classname="com.qa.testlayer.ResisterPageTest" name="verifyResisterPage" time="16.301"/>
  <system-out/>
</testsuite> <!-- com.qa.testlayer.ResisterPageTest -->
