<?xml version="1.0" encoding="UTF-8"?>
<!-- Generated by org.testng.reporters.JUnitReportReporter -->
<testsuite hostname="DESKTOP-E115GFV" failures="0" tests="1" name="com.qa.testlayer.DashboardTest" time="15.927" errors="0" timestamp="2022-10-05T18:33:52 IST" skipped="0">
  <testcase classname="com.qa.testlayer.DashboardTest" name="verifyDashboard" time="15.927"/>
  <system-out/>
</testsuite> <!-- com.qa.testlayer.DashboardTest -->
