<?xml version="1.0" encoding="UTF-8"?>
<!-- Generated by org.testng.reporters.JUnitReportReporter -->
<testsuite hostname="DESKTOP-E115GFV" failures="0" tests="1" name="com.qa.testbase.TestBAse" time="11.022" errors="0" timestamp="2022-10-03T22:41:39 IST" skipped="0">
  <testcase classname="com.qa.testbase.TestBAse" name="setUp" time="11.022"/>
  <system-out/>
</testsuite> <!-- com.qa.testbase.TestBAse -->
