<?xml version="1.0" encoding="UTF-8"?>
<!-- Generated by org.testng.reporters.JUnitReportReporter -->
<testsuite hostname="DESKTOP-E115GFV" failures="0" tests="1" name="com.qa.testlayer.DashboardTest" time="10.001" errors="0" timestamp="2022-10-04T19:14:25 IST" skipped="0">
  <testcase classname="com.qa.testlayer.DashboardTest" name="verifyDashboard" time="10.001"/>
  <system-out/>
</testsuite> <!-- com.qa.testlayer.DashboardTest -->
