<?xml version="1.0" encoding="UTF-8"?>
<!-- Generated by org.testng.reporters.JUnitReportReporter -->
<testsuite hostname="DESKTOP-E115GFV" failures="0" tests="1" name="com.qa.testlayer.LoginPageTest" time="13.982" errors="0" timestamp="2022-10-04T19:14:25 IST" skipped="0">
  <testcase classname="com.qa.testlayer.LoginPageTest" name="verifyLogin" time="13.982"/>
  <system-out/>
</testsuite> <!-- com.qa.testlayer.LoginPageTest -->
